Building DAG of jobs...
Using shell: /usr/bin/bash
Provided cores: 30
Rules claiming more threads will be scaled down.
Job stats:
job                  count    min threads    max threads
-----------------  -------  -------------  -------------
all                      1              1              1
bowtie2                 96             30             30
markdup                 96             30             30
samtools                96             30             30
tiger                   96              1              1
tigercall2tigerin       96              1              1
varcall                 96              1              1
vcf2tigercall           96              1              1
total                  673              1             30

Select jobs to execute...

[Thu May 18 10:54:47 2023]
rule bowtie2:
    input: results/01_trimmed/33_R1.tr.fastq.gz, results/01_trimmed/33_R2.tr.fastq.gz
    output: results/02_bowtie2/lib33_MappedOn_tair10.bam
    log: logs/bowtie2/lib33_MappedOn_tair10.log
    jobid: 230
    reason: Missing output files: results/02_bowtie2/lib33_MappedOn_tair10.bam; Params have changed since last execution
    wildcards: sample=33, refbase=tair10
    threads: 30
    resources: tmpdir=/tmp

(bowtie2 --very-sensitive --threads 30 -x /datasets/data_4/nison/GBS/for_snakemake/data/bowtie2_index/tair10 -1 results/01_trimmed/33_R1.tr.fastq.gz -2 results/01_trimmed/33_R2.tr.fastq.gz | samtools view -bh -@ 30 -F 2308 -o results/02_bowtie2/lib33_MappedOn_tair10.bam - ) 2> logs/bowtie2/lib33_MappedOn_tair10.log
Terminating processes on user request, this might take some time.
[Thu May 18 10:54:48 2023]
Error in rule bowtie2:
    jobid: 230
    input: results/01_trimmed/33_R1.tr.fastq.gz, results/01_trimmed/33_R2.tr.fastq.gz
    output: results/02_bowtie2/lib33_MappedOn_tair10.bam
    log: logs/bowtie2/lib33_MappedOn_tair10.log (check log file(s) for error details)
    shell:
        (bowtie2 --very-sensitive --threads 30 -x /datasets/data_4/nison/GBS/for_snakemake/data/bowtie2_index/tair10 -1 results/01_trimmed/33_R1.tr.fastq.gz -2 results/01_trimmed/33_R2.tr.fastq.gz | samtools view -bh -@ 30 -F 2308 -o results/02_bowtie2/lib33_MappedOn_tair10.bam - ) 2> logs/bowtie2/lib33_MappedOn_tair10.log
        (one of the commands exited with non-zero exit code; note that snakemake uses bash strict mode!)

Complete log: .snakemake/log/2023-05-18T105446.466669.snakemake.log
